#
# A fatal error has been detected by the Java Runtime Environment:
#
#  Internal Error (javaClasses.cpp:126), pid=7128, tid=4776
#  fatal error: Invalid layout of preloaded class
#
# JRE version:  (8.0_20-b26) (build )
# Java VM: Java HotSpot(TM) 64-Bit Server VM (25.20-b23 mixed mode windows-amd64 compressed oops)
# Failed to write core dump. Minidumps are not enabled by default on client versions of Windows
#
# If you would like to submit a bug report, please visit:
#   http://bugreport.sun.com/bugreport/crash.jsp
#

---------------  T H R E A D  ---------------

Current thread (0x000000000225e000):  JavaThread "Unknown thread" [_thread_in_vm, id=4776, stack(0x00000000024a0000,0x00000000025a0000)]

Stack: [0x00000000024a0000,0x00000000025a0000]
Native frames: (J=compiled Java code, j=interpreted, Vv=VM code, C=native code)
V  [jvm.dll+0x3152fa]
V  [jvm.dll+0x265d03]
V  [jvm.dll+0x266943]
V  [jvm.dll+0x25e1e6]
V  [jvm.dll+0x5e64c]
V  [jvm.dll+0x5e743]
V  [jvm.dll+0x7316a]
V  [jvm.dll+0x734c8]
V  [jvm.dll+0xe3937]
V  [jvm.dll+0xe3cc6]
V  [jvm.dll+0x1f89d7]
V  [jvm.dll+0x229fc4]
V  [jvm.dll+0x14c6f1]
C  [javaw.exe+0x20c6]
C  [javaw.exe+0xc9eb]
C  [javaw.exe+0xca7f]
C  [kernel32.dll+0x159ed]
C  [ntdll.dll+0x2c541]


---------------  P R O C E S S  ---------------

Java Threads: ( => current thread )

Other Threads:

=>0x000000000225e000 (exited) JavaThread "Unknown thread" [_thread_in_vm, id=4776, stack(0x00000000024a0000,0x00000000025a0000)]

VM state:not at safepoint (not fully initialized)

VM Mutex/Monitor currently owned by a thread: None

GC Heap History (0 events):
No events

Deoptimization events (0 events):
No events

Internal exceptions (0 events):
No events

Events (10 events):
Event: 1.476 loading class java/lang/CharSequence done
Event: 1.476 loading class java/lang/String done
Event: 1.476 loading class java/lang/Class
Event: 1.476 loading class java/lang/reflect/AnnotatedElement
Event: 1.476 loading class java/lang/reflect/AnnotatedElement done
Event: 1.476 loading class java/lang/reflect/GenericDeclaration
Event: 1.476 loading class java/lang/reflect/GenericDeclaration done
Event: 1.476 loading class java/lang/reflect/Type
Event: 1.477 loading class java/lang/reflect/Type done
Event: 1.477 loading class java/lang/Class done


Dynamic libraries:
0x000000013ffd0000 - 0x0000000140004000 	C:\Java\jre1.8.0_20\bin\javaw.exe
0x0000000077720000 - 0x00000000778c9000 	C:\Windows\SYSTEM32\ntdll.dll
0x0000000077600000 - 0x000000007771f000 	C:\Windows\system32\kernel32.dll
0x000007fefd330000 - 0x000007fefd39c000 	C:\Windows\system32\KERNELBASE.dll
0x000007fefdb00000 - 0x000007fefdbdb000 	C:\Windows\system32\ADVAPI32.dll
0x000007feff5d0000 - 0x000007feff66f000 	C:\Windows\system32\msvcrt.dll
0x000007fefd7a0000 - 0x000007fefd7bf000 	C:\Windows\SYSTEM32\sechost.dll
0x000007fefd7c0000 - 0x000007fefd8ed000 	C:\Windows\system32\RPCRT4.dll
0x00000000773c0000 - 0x00000000774ba000 	C:\Windows\system32\USER32.dll
0x000007feff670000 - 0x000007feff6d7000 	C:\Windows\system32\GDI32.dll
0x000007fefdcf0000 - 0x000007fefdcfe000 	C:\Windows\system32\LPK.dll
0x000007feff960000 - 0x000007feffa29000 	C:\Windows\system32\USP10.dll
0x000007fefbea0000 - 0x000007fefc094000 	C:\Windows\WinSxS\amd64_microsoft.windows.common-controls_6595b64144ccf1df_6.0.7601.17514_none_fa396087175ac9ac\COMCTL32.dll
0x000007fefddf0000 - 0x000007fefde61000 	C:\Windows\system32\SHLWAPI.dll
0x000007feff6e0000 - 0x000007feff70e000 	C:\Windows\system32\IMM32.DLL
0x000007fefdbe0000 - 0x000007fefdce9000 	C:\Windows\system32\MSCTF.dll
0x0000000072370000 - 0x0000000072442000 	C:\Java\jre1.8.0_20\bin\msvcr100.dll
0x000000006f580000 - 0x000000006fdd8000 	C:\Java\jre1.8.0_20\bin\server\jvm.dll
0x000007fef9e40000 - 0x000007fef9e49000 	C:\Windows\system32\WSOCK32.dll
0x000007feff480000 - 0x000007feff4cd000 	C:\Windows\system32\WS2_32.dll
0x000007fefdde0000 - 0x000007fefdde8000 	C:\Windows\system32\NSI.dll
0x000007fefd3a0000 - 0x000007fefd3db000 	C:\Windows\system32\WINMM.dll
0x00000000778e0000 - 0x00000000778e7000 	C:\Windows\system32\PSAPI.DLL
0x0000000072360000 - 0x000000007236f000 	C:\Java\jre1.8.0_20\bin\verify.dll
0x0000000072330000 - 0x0000000072358000 	C:\Java\jre1.8.0_20\bin\java.dll
0x0000000072310000 - 0x0000000072326000 	C:\Java\jre1.8.0_20\bin\zip.dll
0x000007feeb7e0000 - 0x000007feeb905000 	C:\Windows\system32\dbghelp.dll

VM Arguments:
jvm_args: -Dfile.encoding=GBK -Xbootclasspath:E:\AndroidDevelopmentWorkspace\Android\android-sdk\platforms\android-20\android.jar 
java_command: org.maxsoft.util.DateUtils
java_class_path (initial): E:\AndroidDevelopmentWorkspace\workspace\AnyWeatherApp\bin\classes;E:\AndroidDevelopmentWorkspace\workspace\AnyWeatherApp\libs\android-support-v4.jar;E:\AndroidDevelopmentWorkspace\workspace\AnyWeatherApp\libs\gson-2.2.4-sources.jar;E:\AndroidDevelopmentWorkspace\workspace\AnyWeatherApp\libs\gson-2.2.4.jar;E:\AndroidDevelopmentWorkspace\Android\android-sdk\platforms\android-15\android.jar
Launcher Type: SUN_STANDARD

Environment Variables:
JAVA_HOME=C:\Java\jdk1.8.0_20
CLASSPATH=.;C:\Java\jdk1.8.0_20\lib\dt.jar;C:\Java\jdk1.8.0_20\lib\tools.jar;C:\Ant\lib
PATH=C:/Java/jdk1.8.0_20/bin/../jre/bin/server;C:/Java/jdk1.8.0_20/bin/../jre/bin;C:/Java/jdk1.8.0_20/bin/../jre/lib/amd64;.;C:\Ant\bin;C:\Ant\lib;C:\Java\jdk1.8.0_20\bin;C:\Program Files (x86)\Common Files\NetSarang;C:\ProgramData\Oracle\Java\javapath;E:\app\Administrator\product\11.2.0\dbhome_1\bin;C:\Windows\system32;C:\Windows;C:\Windows\System32\Wbem;C:\Windows\System32\WindowsPowerShell\v1.0\;D:\Program Files\nodejs\;C:\Program Files (x86)\Microsoft SQL Server\100\Tools\Binn\;C:\Program Files\Microsoft SQL Server\100\Tools\Binn\;C:\Program Files\Microsoft SQL Server\100\DTS\Binn\;D:\Program Files\TortoiseSVN\bin;C:\Program Files (x86)\SSH Communications Security\SSH Secure Shell;C:\Users\Administrator\AppData\Roaming\npm;D:\Program Files\eclipse;
USERNAME=Administrator
OS=Windows_NT
PROCESSOR_IDENTIFIER=Intel64 Family 6 Model 60 Stepping 3, GenuineIntel



---------------  S Y S T E M  ---------------

OS: Windows 7 , 64 bit Build 7601 Service Pack 1

CPU:total 4 (2 cores per cpu, 2 threads per core) family 6 model 60 stepping 3, cmov, cx8, fxsr, mmx, sse, sse2, sse3, ssse3, sse4.1, sse4.2, popcnt, avx, avx2, aes, clmul, erms, lzcnt, ht, tsc, tscinvbit, bmi1, bmi2

Memory: 4k page, physical 4112752k(849524k free), swap 8223644k(1974684k free)

vm_info: Java HotSpot(TM) 64-Bit Server VM (25.20-b23) for windows-amd64 JRE (1.8.0_20-b26), built on Jul 30 2014 13:51:23 by "java_re" with MS VC++ 10.0 (VS2010)

time: Thu Jan 29 13:31:43 2015
elapsed time: 1 seconds (0d 0h 0m 1s)

